
12월 29, 2022 09:25:12.97 NEW SESSION
12월 29, 2022 09:25:12.97 [8824:5856:1229/092512.971:ERROR:device_event_log_impl.cc(215)] [09:25:12.972] Bluetooth: bluetooth_adapter_winrt.cc:1074 Getting Default Adapter failed.
12월 29, 2022 09:26:10.84 [8824:16172:1229/092610.841:ERROR:util.cc(133)] Can't create base directory: C:\Program Files\Google\GoogleUpdater
12월 29, 2022 09:57:55.44 [8824:5856:1229/095755.447:ERROR:interface_endpoint_client.cc(694)] Message 1 rejected by interface blink.mojom.WidgetHost
12월 29, 2022 09:58:35.47 [8824:5856:1229/095835.478:ERROR:interface_endpoint_client.cc(694)] Message 1 rejected by interface blink.mojom.WidgetHost
12월 29, 2022 10:07:15.84 [8824:5856:1229/100715.844:ERROR:CONSOLE(0)] "Uncaught (in promise) Error: A listener indicated an asynchronous response by returning true, but the message channel closed before a response was received", source: chrome-extension://mpbelhhnfhfjnaehkcnnaknldmnocglk/tidy_devtools.html (0)

12월 30, 2022 09:23:14.55 NEW SESSION
12월 30, 2022 09:23:14.55 [1224:13004:1230/092314.553:ERROR:device_event_log_impl.cc(215)] [09:23:14.553] Bluetooth: bluetooth_adapter_winrt.cc:1074 Getting Default Adapter failed.
12월 30, 2022 09:24:12.54 [1224:11316:1230/092412.543:ERROR:util.cc(133)] Can't create base directory: C:\Program Files\Google\GoogleUpdater
12월 30, 2022 10:02:15.17 [1224:13004:1230/100215.172:ERROR:CONSOLE(0)] "Uncaught (in promise) Error: A listener indicated an asynchronous response by returning true, but the message channel closed before a response was received", source: chrome-extension://mpbelhhnfhfjnaehkcnnaknldmnocglk/tidy_devtools.html (0)
12월 30, 2022 10:02:15.17 [1224:13004:1230/100215.172:ERROR:CONSOLE(0)] "Uncaught (in promise) Error: A listener indicated an asynchronous response by returning true, but the message channel closed before a response was received", source: chrome-extension://mpbelhhnfhfjnaehkcnnaknldmnocglk/tidy_devtools.html (0)
12월 30, 2022 10:02:15.17 [1224:13004:1230/100215.172:ERROR:CONSOLE(0)] "Uncaught (in promise) Error: A listener indicated an asynchronous response by returning true, but the message channel closed before a response was received", source: chrome-extension://mpbelhhnfhfjnaehkcnnaknldmnocglk/tidy_devtools.html (0)
12월 30, 2022 10:02:15.17 [1224:13004:1230/100215.172:ERROR:CONSOLE(0)] "Uncaught (in promise) Error: A listener indicated an asynchronous response by returning true, but the message channel closed before a response was received", source: chrome-extension://mpbelhhnfhfjnaehkcnnaknldmnocglk/tidy_devtools.html (0)
12월 30, 2022 10:02:15.17 [1224:13004:1230/100215.172:ERROR:CONSOLE(0)] "Uncaught (in promise) Error: A listener indicated an asynchronous response by returning true, but the message channel closed before a response was received", source: chrome-extension://mpbelhhnfhfjnaehkcnnaknldmnocglk/tidy_devtools.html (0)
12월 30, 2022 12:42:03.66 [1224:13004:1230/124203.659:ERROR:CONSOLE(0)] "Uncaught (in promise) Error: A listener indicated an asynchronous response by returning true, but the message channel closed before a response was received", source: chrome-extension://mpbelhhnfhfjnaehkcnnaknldmnocglk/tidy_devtools.html (0)
12월 30, 2022 12:51:32.90 [1224:13004:1230/125132.909:ERROR:CONSOLE(0)] "Uncaught (in promise) Error: A listener indicated an asynchronous response by returning true, but the message channel closed before a response was received", source: chrome-extension://mpbelhhnfhfjnaehkcnnaknldmnocglk/tidy_devtools.html (0)
12월 30, 2022 12:51:32.90 [1224:13004:1230/125132.909:ERROR:CONSOLE(0)] "Uncaught (in promise) Error: A listener indicated an asynchronous response by returning true, but the message channel closed before a response was received", source: chrome-extension://mpbelhhnfhfjnaehkcnnaknldmnocglk/tidy_devtools.html (0)
12월 30, 2022 12:51:32.90 [1224:13004:1230/125132.909:ERROR:CONSOLE(0)] "Uncaught (in promise) Error: A listener indicated an asynchronous response by returning true, but the message channel closed before a response was received", source: chrome-extension://mpbelhhnfhfjnaehkcnnaknldmnocglk/tidy_devtools.html (0)
12월 30, 2022 12:51:32.91 [1224:13004:1230/125132.909:ERROR:CONSOLE(0)] "Uncaught (in promise) Error: A listener indicated an asynchronous response by returning true, but the message channel closed before a response was received", source: chrome-extension://mpbelhhnfhfjnaehkcnnaknldmnocglk/tidy_devtools.html (0)
12월 30, 2022 12:51:32.91 [1224:13004:1230/125132.909:ERROR:CONSOLE(0)] "Uncaught (in promise) Error: A listener indicated an asynchronous response by returning true, but the message channel closed before a response was received", source: chrome-extension://mpbelhhnfhfjnaehkcnnaknldmnocglk/tidy_devtools.html (0)
12월 30, 2022 12:51:32.91 [1224:13004:1230/125132.909:ERROR:CONSOLE(0)] "Uncaught (in promise) Error: A listener indicated an asynchronous response by returning true, but the message channel closed before a response was received", source: chrome-extension://mpbelhhnfhfjnaehkcnnaknldmnocglk/tidy_devtools.html (0)
12월 30, 2022 12:51:32.91 [1224:13004:1230/125132.909:ERROR:CONSOLE(0)] "Uncaught (in promise) Error: A listener indicated an asynchronous response by returning true, but the message channel closed before a response was received", source: chrome-extension://mpbelhhnfhfjnaehkcnnaknldmnocglk/tidy_devtools.html (0)
12월 30, 2022 12:51:32.91 [1224:13004:1230/125132.909:ERROR:CONSOLE(0)] "Uncaught (in promise) Error: A listener indicated an asynchronous response by returning true, but the message channel closed before a response was received", source: chrome-extension://mpbelhhnfhfjnaehkcnnaknldmnocglk/tidy_devtools.html (0)
12월 30, 2022 12:51:32.91 [1224:13004:1230/125132.909:ERROR:CONSOLE(0)] "Uncaught (in promise) Error: A listener indicated an asynchronous response by returning true, but the message channel closed before a response was received", source: chrome-extension://mpbelhhnfhfjnaehkcnnaknldmnocglk/tidy_devtools.html (0)
12월 30, 2022 12:51:32.91 [1224:13004:1230/125132.909:ERROR:CONSOLE(0)] "Uncaught (in promise) Error: A listener indicated an asynchronous response by returning true, but the message channel closed before a response was received", source: chrome-extension://mpbelhhnfhfjnaehkcnnaknldmnocglk/tidy_devtools.html (0)
12월 30, 2022 12:51:32.91 [1224:13004:1230/125132.909:ERROR:CONSOLE(0)] "Uncaught (in promise) Error: A listener indicated an asynchronous response by returning true, but the message channel closed before a response was received", source: chrome-extension://mpbelhhnfhfjnaehkcnnaknldmnocglk/tidy_devtools.html (0)
12월 30, 2022 12:51:32.91 [1224:13004:1230/125132.909:ERROR:CONSOLE(0)] "Uncaught (in promise) Error: A listener indicated an asynchronous response by returning true, but the message channel closed before a response was received", source: chrome-extension://mpbelhhnfhfjnaehkcnnaknldmnocglk/tidy_devtools.html (0)
12월 30, 2022 12:51:32.91 [1224:13004:1230/125132.910:ERROR:CONSOLE(0)] "Uncaught (in promise) Error: A listener indicated an asynchronous response by returning true, but the message channel closed before a response was received", source: chrome-extension://mpbelhhnfhfjnaehkcnnaknldmnocglk/tidy_devtools.html (0)
12월 30, 2022 12:51:32.91 [1224:13004:1230/125132.910:ERROR:CONSOLE(0)] "Uncaught (in promise) Error: A listener indicated an asynchronous response by returning true, but the message channel closed before a response was received", source: chrome-extension://mpbelhhnfhfjnaehkcnnaknldmnocglk/tidy_devtools.html (0)
12월 30, 2022 12:51:32.91 [1224:13004:1230/125132.910:ERROR:CONSOLE(0)] "Uncaught (in promise) Error: A listener indicated an asynchronous response by returning true, but the message channel closed before a response was received", source: chrome-extension://mpbelhhnfhfjnaehkcnnaknldmnocglk/tidy_devtools.html (0)
12월 30, 2022 12:51:32.91 [1224:13004:1230/125132.910:ERROR:CONSOLE(0)] "Uncaught (in promise) Error: A listener indicated an asynchronous response by returning true, but the message channel closed before a response was received", source: chrome-extension://mpbelhhnfhfjnaehkcnnaknldmnocglk/tidy_devtools.html (0)
12월 30, 2022 14:24:12.55 [1224:1080:1230/142412.554:ERROR:util.cc(133)] Can't create base directory: C:\Program Files\Google\GoogleUpdater
12월 30, 2022 14:40:12.53 [1224:13004:1230/144012.535:ERROR:CONSOLE(0)] "Uncaught (in promise) Error: A listener indicated an asynchronous response by returning true, but the message channel closed before a response was received", source: chrome-extension://mpbelhhnfhfjnaehkcnnaknldmnocglk/tidy_devtools.html (0)
12월 30, 2022 14:43:06.25 [1224:13004:1230/144306.251:ERROR:interface_endpoint_client.cc(694)] Message 1 rejected by interface blink.mojom.WidgetHost
12월 30, 2022 14:53:22.69 [1224:13004:1230/145322.695:ERROR:CONSOLE(0)] "Uncaught (in promise) Error: A listener indicated an asynchronous response by returning true, but the message channel closed before a response was received", source: chrome-extension://mpbelhhnfhfjnaehkcnnaknldmnocglk/tidy_devtools.html (0)
12월 30, 2022 14:53:22.69 [1224:13004:1230/145322.695:ERROR:CONSOLE(0)] "Uncaught (in promise) Error: A listener indicated an asynchronous response by returning true, but the message channel closed before a response was received", source: chrome-extension://mpbelhhnfhfjnaehkcnnaknldmnocglk/tidy_devtools.html (0)
12월 30, 2022 14:53:22.69 [1224:13004:1230/145322.695:ERROR:CONSOLE(0)] "Uncaught (in promise) Error: A listener indicated an asynchronous response by returning true, but the message channel closed before a response was received", source: chrome-extension://mpbelhhnfhfjnaehkcnnaknldmnocglk/tidy_devtools.html (0)
12월 30, 2022 14:53:22.69 [1224:13004:1230/145322.695:ERROR:CONSOLE(0)] "Uncaught (in promise) Error: A listener indicated an asynchronous response by returning true, but the message channel closed before a response was received", source: chrome-extension://mpbelhhnfhfjnaehkcnnaknldmnocglk/tidy_devtools.html (0)
12월 30, 2022 14:53:22.69 [1224:13004:1230/145322.695:ERROR:CONSOLE(0)] "Uncaught (in promise) Error: A listener indicated an asynchronous response by returning true, but the message channel closed before a response was received", source: chrome-extension://mpbelhhnfhfjnaehkcnnaknldmnocglk/tidy_devtools.html (0)
12월 30, 2022 14:53:22.69 [1224:13004:1230/145322.695:ERROR:CONSOLE(0)] "Uncaught (in promise) Error: A listener indicated an asynchronous response by returning true, but the message channel closed before a response was received", source: chrome-extension://mpbelhhnfhfjnaehkcnnaknldmnocglk/tidy_devtools.html (0)
12월 30, 2022 14:53:22.69 [1224:13004:1230/145322.695:ERROR:CONSOLE(0)] "Uncaught (in promise) Error: A listener indicated an asynchronous response by returning true, but the message channel closed before a response was received", source: chrome-extension://mpbelhhnfhfjnaehkcnnaknldmnocglk/tidy_devtools.html (0)
12월 30, 2022 14:53:22.69 [1224:13004:1230/145322.696:ERROR:CONSOLE(0)] "Uncaught (in promise) Error: A listener indicated an asynchronous response by returning true, but the message channel closed before a response was received", source: chrome-extension://mpbelhhnfhfjnaehkcnnaknldmnocglk/tidy_devtools.html (0)
12월 30, 2022 14:53:22.69 [1224:13004:1230/145322.696:ERROR:CONSOLE(0)] "Uncaught (in promise) Error: A listener indicated an asynchronous response by returning true, but the message channel closed before a response was received", source: chrome-extension://mpbelhhnfhfjnaehkcnnaknldmnocglk/tidy_devtools.html (0)
12월 30, 2022 14:53:22.69 [1224:13004:1230/145322.696:ERROR:CONSOLE(0)] "Uncaught (in promise) Error: A listener indicated an asynchronous response by returning true, but the message channel closed before a response was received", source: chrome-extension://mpbelhhnfhfjnaehkcnnaknldmnocglk/tidy_devtools.html (0)
12월 30, 2022 14:53:22.69 [1224:13004:1230/145322.696:ERROR:CONSOLE(0)] "Uncaught (in promise) Error: A listener indicated an asynchronous response by returning true, but the message channel closed before a response was received", source: chrome-extension://mpbelhhnfhfjnaehkcnnaknldmnocglk/tidy_devtools.html (0)
12월 30, 2022 14:53:22.69 [1224:13004:1230/145322.696:ERROR:CONSOLE(0)] "Uncaught (in promise) Error: A listener indicated an asynchronous response by returning true, but the message channel closed before a response was received", source: chrome-extension://mpbelhhnfhfjnaehkcnnaknldmnocglk/tidy_devtools.html (0)
12월 30, 2022 14:53:22.69 [1224:13004:1230/145322.696:ERROR:CONSOLE(0)] "Uncaught (in promise) Error: A listener indicated an asynchronous response by returning true, but the message channel closed before a response was received", source: chrome-extension://mpbelhhnfhfjnaehkcnnaknldmnocglk/tidy_devtools.html (0)
12월 30, 2022 14:53:22.69 [1224:13004:1230/145322.696:ERROR:CONSOLE(0)] "Uncaught (in promise) Error: A listener indicated an asynchronous response by returning true, but the message channel closed before a response was received", source: chrome-extension://mpbelhhnfhfjnaehkcnnaknldmnocglk/tidy_devtools.html (0)
12월 30, 2022 14:53:22.69 [1224:13004:1230/145322.696:ERROR:CONSOLE(0)] "Uncaught (in promise) Error: A listener indicated an asynchronous response by returning true, but the message channel closed before a response was received", source: chrome-extension://mpbelhhnfhfjnaehkcnnaknldmnocglk/tidy_devtools.html (0)
12월 30, 2022 14:53:22.69 [1224:13004:1230/145322.696:ERROR:CONSOLE(0)] "Uncaught (in promise) Error: A listener indicated an asynchronous response by returning true, but the message channel closed before a response was received", source: chrome-extension://mpbelhhnfhfjnaehkcnnaknldmnocglk/tidy_devtools.html (0)
12월 30, 2022 14:53:22.69 [1224:13004:1230/145322.696:ERROR:CONSOLE(0)] "Uncaught (in promise) Error: A listener indicated an asynchronous response by returning true, but the message channel closed before a response was received", source: chrome-extension://mpbelhhnfhfjnaehkcnnaknldmnocglk/tidy_devtools.html (0)
12월 30, 2022 14:53:22.69 [1224:13004:1230/145322.696:ERROR:CONSOLE(0)] "Uncaught (in promise) Error: A listener indicated an asynchronous response by returning true, but the message channel closed before a response was received", source: chrome-extension://mpbelhhnfhfjnaehkcnnaknldmnocglk/tidy_devtools.html (0)
12월 30, 2022 14:53:22.69 [1224:13004:1230/145322.696:ERROR:CONSOLE(0)] "Uncaught (in promise) Error: A listener indicated an asynchronous response by returning true, but the message channel closed before a response was received", source: chrome-extension://mpbelhhnfhfjnaehkcnnaknldmnocglk/tidy_devtools.html (0)
12월 30, 2022 14:53:22.69 [1224:13004:1230/145322.696:ERROR:CONSOLE(0)] "Uncaught (in promise) Error: A listener indicated an asynchronous response by returning true, but the message channel closed before a response was received", source: chrome-extension://mpbelhhnfhfjnaehkcnnaknldmnocglk/tidy_devtools.html (0)
12월 30, 2022 14:53:22.69 [1224:13004:1230/145322.696:ERROR:CONSOLE(0)] "Uncaught (in promise) Error: A listener indicated an asynchronous response by returning true, but the message channel closed before a response was received", source: chrome-extension://mpbelhhnfhfjnaehkcnnaknldmnocglk/tidy_devtools.html (0)
12월 30, 2022 14:53:22.69 [1224:13004:1230/145322.696:ERROR:CONSOLE(0)] "Uncaught (in promise) Error: A listener indicated an asynchronous response by returning true, but the message channel closed before a response was received", source: chrome-extension://mpbelhhnfhfjnaehkcnnaknldmnocglk/tidy_devtools.html (0)
12월 30, 2022 14:53:22.69 [1224:13004:1230/145322.696:ERROR:CONSOLE(0)] "Uncaught (in promise) Error: A listener indicated an asynchronous response by returning true, but the message channel closed before a response was received", source: chrome-extension://mpbelhhnfhfjnaehkcnnaknldmnocglk/tidy_devtools.html (0)
12월 30, 2022 14:53:22.69 [1224:13004:1230/145322.696:ERROR:CONSOLE(0)] "Uncaught (in promise) Error: A listener indicated an asynchronous response by returning true, but the message channel closed before a response was received", source: chrome-extension://mpbelhhnfhfjnaehkcnnaknldmnocglk/tidy_devtools.html (0)
12월 30, 2022 14:53:22.69 [1224:13004:1230/145322.696:ERROR:CONSOLE(0)] "Uncaught (in promise) Error: A listener indicated an asynchronous response by returning true, but the message channel closed before a response was received", source: chrome-extension://mpbelhhnfhfjnaehkcnnaknldmnocglk/tidy_devtools.html (0)
12월 30, 2022 14:53:22.69 [1224:13004:1230/145322.696:ERROR:CONSOLE(0)] "Uncaught (in promise) Error: A listener indicated an asynchronous response by returning true, but the message channel closed before a response was received", source: chrome-extension://mpbelhhnfhfjnaehkcnnaknldmnocglk/tidy_devtools.html (0)
12월 30, 2022 14:58:47.76 [1224:13004:1230/145847.759:ERROR:CONSOLE(0)] "Uncaught (in promise) Error: A listener indicated an asynchronous response by returning true, but the message channel closed before a response was received", source: chrome-extension://mpbelhhnfhfjnaehkcnnaknldmnocglk/tidy_devtools.html (0)
12월 30, 2022 14:58:47.76 [1224:13004:1230/145847.760:ERROR:CONSOLE(0)] "Uncaught (in promise) Error: A listener indicated an asynchronous response by returning true, but the message channel closed before a response was received", source: chrome-extension://mpbelhhnfhfjnaehkcnnaknldmnocglk/tidy_devtools.html (0)
12월 30, 2022 14:58:47.76 [1224:13004:1230/145847.760:ERROR:CONSOLE(0)] "Uncaught (in promise) Error: A listener indicated an asynchronous response by returning true, but the message channel closed before a response was received", source: chrome-extension://mpbelhhnfhfjnaehkcnnaknldmnocglk/tidy_devtools.html (0)
12월 30, 2022 15:01:20.08 [libprotobuf ERROR ..\..\third_party\protobuf\src\google\protobuf\message_lite.cc:133] Can't parse message of type "safe_browsing.ClientDownloadRequest" because it is missing required fields: (cannot determine missing fields for lite message)
12월 30, 2022 15:09:47.93 [1224:13004:1230/150947.931:ERROR:CONSOLE(0)] "Uncaught (in promise) Error: A listener indicated an asynchronous response by returning true, but the message channel closed before a response was received", source: chrome-extension://mpbelhhnfhfjnaehkcnnaknldmnocglk/tidy_devtools.html (0)
12월 30, 2022 15:09:47.93 [1224:13004:1230/150947.931:ERROR:CONSOLE(0)] "Uncaught (in promise) Error: A listener indicated an asynchronous response by returning true, but the message channel closed before a response was received", source: chrome-extension://mpbelhhnfhfjnaehkcnnaknldmnocglk/tidy_devtools.html (0)
12월 30, 2022 15:09:47.93 [1224:13004:1230/150947.931:ERROR:CONSOLE(0)] "Uncaught (in promise) Error: A listener indicated an asynchronous response by returning true, but the message channel closed before a response was received", source: chrome-extension://mpbelhhnfhfjnaehkcnnaknldmnocglk/tidy_devtools.html (0)
12월 30, 2022 15:09:47.93 [1224:13004:1230/150947.931:ERROR:CONSOLE(0)] "Uncaught (in promise) Error: A listener indicated an asynchronous response by returning true, but the message channel closed before a response was received", source: chrome-extension://mpbelhhnfhfjnaehkcnnaknldmnocglk/tidy_devtools.html (0)
12월 30, 2022 15:09:47.93 [1224:13004:1230/150947.931:ERROR:CONSOLE(0)] "Uncaught (in promise) Error: A listener indicated an asynchronous response by returning true, but the message channel closed before a response was received", source: chrome-extension://mpbelhhnfhfjnaehkcnnaknldmnocglk/tidy_devtools.html (0)
12월 30, 2022 15:09:47.93 [1224:13004:1230/150947.931:ERROR:CONSOLE(0)] "Uncaught (in promise) Error: A listener indicated an asynchronous response by returning true, but the message channel closed before a response was received", source: chrome-extension://mpbelhhnfhfjnaehkcnnaknldmnocglk/tidy_devtools.html (0)
12월 30, 2022 15:09:47.93 [1224:13004:1230/150947.931:ERROR:CONSOLE(0)] "Uncaught (in promise) Error: A listener indicated an asynchronous response by returning true, but the message channel closed before a response was received", source: chrome-extension://mpbelhhnfhfjnaehkcnnaknldmnocglk/tidy_devtools.html (0)
12월 30, 2022 15:09:47.93 [1224:13004:1230/150947.931:ERROR:CONSOLE(0)] "Uncaught (in promise) Error: A listener indicated an asynchronous response by returning true, but the message channel closed before a response was received", source: chrome-extension://mpbelhhnfhfjnaehkcnnaknldmnocglk/tidy_devtools.html (0)
12월 30, 2022 15:09:47.93 [1224:13004:1230/150947.931:ERROR:CONSOLE(0)] "Uncaught (in promise) Error: A listener indicated an asynchronous response by returning true, but the message channel closed before a response was received", source: chrome-extension://mpbelhhnfhfjnaehkcnnaknldmnocglk/tidy_devtools.html (0)
12월 30, 2022 15:09:47.93 [1224:13004:1230/150947.931:ERROR:CONSOLE(0)] "Uncaught (in promise) Error: A listener indicated an asynchronous response by returning true, but the message channel closed before a response was received", source: chrome-extension://mpbelhhnfhfjnaehkcnnaknldmnocglk/tidy_devtools.html (0)
12월 30, 2022 15:09:47.93 [1224:13004:1230/150947.931:ERROR:CONSOLE(0)] "Uncaught (in promise) Error: A listener indicated an asynchronous response by returning true, but the message channel closed before a response was received", source: chrome-extension://mpbelhhnfhfjnaehkcnnaknldmnocglk/tidy_devtools.html (0)
12월 30, 2022 15:09:47.93 [1224:13004:1230/150947.931:ERROR:CONSOLE(0)] "Uncaught (in promise) Error: A listener indicated an asynchronous response by returning true, but the message channel closed before a response was received", source: chrome-extension://mpbelhhnfhfjnaehkcnnaknldmnocglk/tidy_devtools.html (0)
12월 30, 2022 15:09:47.93 [1224:13004:1230/150947.931:ERROR:CONSOLE(0)] "Uncaught (in promise) Error: A listener indicated an asynchronous response by returning true, but the message channel closed before a response was received", source: chrome-extension://mpbelhhnfhfjnaehkcnnaknldmnocglk/tidy_devtools.html (0)
12월 30, 2022 15:09:47.93 [1224:13004:1230/150947.931:ERROR:CONSOLE(0)] "Uncaught (in promise) Error: A listener indicated an asynchronous response by returning true, but the message channel closed before a response was received", source: chrome-extension://mpbelhhnfhfjnaehkcnnaknldmnocglk/tidy_devtools.html (0)
12월 30, 2022 15:09:47.93 [1224:13004:1230/150947.931:ERROR:CONSOLE(0)] "Uncaught (in promise) Error: A listener indicated an asynchronous response by returning true, but the message channel closed before a response was received", source: chrome-extension://mpbelhhnfhfjnaehkcnnaknldmnocglk/tidy_devtools.html (0)
12월 30, 2022 15:09:47.93 [1224:13004:1230/150947.931:ERROR:CONSOLE(0)] "Uncaught (in promise) Error: A listener indicated an asynchronous response by returning true, but the message channel closed before a response was received", source: chrome-extension://mpbelhhnfhfjnaehkcnnaknldmnocglk/tidy_devtools.html (0)
12월 30, 2022 15:09:47.93 [1224:13004:1230/150947.931:ERROR:CONSOLE(0)] "Uncaught (in promise) Error: A listener indicated an asynchronous response by returning true, but the message channel closed before a response was received", source: chrome-extension://mpbelhhnfhfjnaehkcnnaknldmnocglk/tidy_devtools.html (0)
12월 30, 2022 15:09:47.93 [1224:13004:1230/150947.931:ERROR:CONSOLE(0)] "Uncaught (in promise) Error: A listener indicated an asynchronous response by returning true, but the message channel closed before a response was received", source: chrome-extension://mpbelhhnfhfjnaehkcnnaknldmnocglk/tidy_devtools.html (0)
12월 30, 2022 15:09:47.93 [1224:13004:1230/150947.931:ERROR:CONSOLE(0)] "Uncaught (in promise) Error: A listener indicated an asynchronous response by returning true, but the message channel closed before a response was received", source: chrome-extension://mpbelhhnfhfjnaehkcnnaknldmnocglk/tidy_devtools.html (0)
12월 30, 2022 15:16:26.62 [1224:13004:1230/151626.620:ERROR:CONSOLE(0)] "Uncaught (in promise) Error: A listener indicated an asynchronous response by returning true, but the message channel closed before a response was received", source: chrome-extension://mpbelhhnfhfjnaehkcnnaknldmnocglk/tidy_devtools.html (0)
12월 30, 2022 15:16:26.62 [1224:13004:1230/151626.620:ERROR:CONSOLE(0)] "Uncaught (in promise) Error: A listener indicated an asynchronous response by returning true, but the message channel closed before a response was received", source: chrome-extension://mpbelhhnfhfjnaehkcnnaknldmnocglk/tidy_devtools.html (0)
12월 30, 2022 15:16:26.62 [1224:13004:1230/151626.620:ERROR:CONSOLE(0)] "Uncaught (in promise) Error: A listener indicated an asynchronous response by returning true, but the message channel closed before a response was received", source: chrome-extension://mpbelhhnfhfjnaehkcnnaknldmnocglk/tidy_devtools.html (0)
12월 30, 2022 15:16:26.62 [1224:13004:1230/151626.620:ERROR:CONSOLE(0)] "Uncaught (in promise) Error: A listener indicated an asynchronous response by returning true, but the message channel closed before a response was received", source: chrome-extension://mpbelhhnfhfjnaehkcnnaknldmnocglk/tidy_devtools.html (0)
12월 30, 2022 15:16:26.62 [1224:13004:1230/151626.620:ERROR:CONSOLE(0)] "Uncaught (in promise) Error: A listener indicated an asynchronous response by returning true, but the message channel closed before a response was received", source: chrome-extension://mpbelhhnfhfjnaehkcnnaknldmnocglk/tidy_devtools.html (0)
12월 30, 2022 15:16:26.62 [1224:13004:1230/151626.622:ERROR:CONSOLE(0)] "Uncaught (in promise) Error: A listener indicated an asynchronous response by returning true, but the message channel closed before a response was received", source: chrome-extension://mpbelhhnfhfjnaehkcnnaknldmnocglk/tidy_devtools.html (0)
12월 30, 2022 15:16:26.62 [1224:13004:1230/151626.622:ERROR:CONSOLE(0)] "Uncaught (in promise) Error: A listener indicated an asynchronous response by returning true, but the message channel closed before a response was received", source: chrome-extension://mpbelhhnfhfjnaehkcnnaknldmnocglk/tidy_devtools.html (0)
12월 30, 2022 15:25:47.65 [1224:13004:1230/152547.652:ERROR:CONSOLE(0)] "Uncaught (in promise) Error: A listener indicated an asynchronous response by returning true, but the message channel closed before a response was received", source: chrome-extension://mpbelhhnfhfjnaehkcnnaknldmnocglk/tidy_devtools.html (0)
12월 30, 2022 15:25:47.65 [1224:13004:1230/152547.653:ERROR:CONSOLE(0)] "Uncaught (in promise) Error: A listener indicated an asynchronous response by returning true, but the message channel closed before a response was received", source: chrome-extension://mpbelhhnfhfjnaehkcnnaknldmnocglk/tidy_devtools.html (0)
12월 30, 2022 15:25:47.65 [1224:13004:1230/152547.653:ERROR:CONSOLE(0)] "Uncaught (in promise) Error: A listener indicated an asynchronous response by returning true, but the message channel closed before a response was received", source: chrome-extension://mpbelhhnfhfjnaehkcnnaknldmnocglk/tidy_devtools.html (0)
12월 30, 2022 15:25:47.65 [1224:13004:1230/152547.653:ERROR:CONSOLE(0)] "Uncaught (in promise) Error: A listener indicated an asynchronous response by returning true, but the message channel closed before a response was received", source: chrome-extension://mpbelhhnfhfjnaehkcnnaknldmnocglk/tidy_devtools.html (0)
12월 30, 2022 15:25:47.65 [1224:13004:1230/152547.653:ERROR:CONSOLE(0)] "Uncaught (in promise) Error: A listener indicated an asynchronous response by returning true, but the message channel closed before a response was received", source: chrome-extension://mpbelhhnfhfjnaehkcnnaknldmnocglk/tidy_devtools.html (0)
12월 30, 2022 15:25:47.65 [1224:13004:1230/152547.653:ERROR:CONSOLE(0)] "Uncaught (in promise) Error: A listener indicated an asynchronous response by returning true, but the message channel closed before a response was received", source: chrome-extension://mpbelhhnfhfjnaehkcnnaknldmnocglk/tidy_devtools.html (0)
12월 30, 2022 15:25:47.65 [1224:13004:1230/152547.653:ERROR:CONSOLE(0)] "Uncaught (in promise) Error: A listener indicated an asynchronous response by returning true, but the message channel closed before a response was received", source: chrome-extension://mpbelhhnfhfjnaehkcnnaknldmnocglk/tidy_devtools.html (0)
12월 30, 2022 15:25:47.65 [1224:13004:1230/152547.653:ERROR:CONSOLE(0)] "Uncaught (in promise) Error: A listener indicated an asynchronous response by returning true, but the message channel closed before a response was received", source: chrome-extension://mpbelhhnfhfjnaehkcnnaknldmnocglk/tidy_devtools.html (0)
12월 30, 2022 15:25:47.65 [1224:13004:1230/152547.653:ERROR:CONSOLE(0)] "Uncaught (in promise) Error: A listener indicated an asynchronous response by returning true, but the message channel closed before a response was received", source: chrome-extension://mpbelhhnfhfjnaehkcnnaknldmnocglk/tidy_devtools.html (0)
12월 30, 2022 15:25:47.65 [1224:13004:1230/152547.653:ERROR:CONSOLE(0)] "Uncaught (in promise) Error: A listener indicated an asynchronous response by returning true, but the message channel closed before a response was received", source: chrome-extension://mpbelhhnfhfjnaehkcnnaknldmnocglk/tidy_devtools.html (0)
12월 30, 2022 15:25:47.65 [1224:13004:1230/152547.653:ERROR:CONSOLE(0)] "Uncaught (in promise) Error: A listener indicated an asynchronous response by returning true, but the message channel closed before a response was received", source: chrome-extension://mpbelhhnfhfjnaehkcnnaknldmnocglk/tidy_devtools.html (0)
12월 30, 2022 15:32:43.14 [1224:13004:1230/153243.146:ERROR:CONSOLE(0)] "Uncaught (in promise) Error: A listener indicated an asynchronous response by returning true, but the message channel closed before a response was received", source: chrome-extension://mpbelhhnfhfjnaehkcnnaknldmnocglk/tidy_devtools.html (0)
12월 30, 2022 15:32:43.14 [1224:13004:1230/153243.146:ERROR:CONSOLE(0)] "Uncaught (in promise) Error: A listener indicated an asynchronous response by returning true, but the message channel closed before a response was received", source: chrome-extension://mpbelhhnfhfjnaehkcnnaknldmnocglk/tidy_devtools.html (0)
12월 30, 2022 15:32:43.14 [1224:13004:1230/153243.146:ERROR:CONSOLE(0)] "Uncaught (in promise) Error: A listener indicated an asynchronous response by returning true, but the message channel closed before a response was received", source: chrome-extension://mpbelhhnfhfjnaehkcnnaknldmnocglk/tidy_devtools.html (0)
12월 30, 2022 15:32:43.14 [1224:13004:1230/153243.146:ERROR:CONSOLE(0)] "Uncaught (in promise) Error: A listener indicated an asynchronous response by returning true, but the message channel closed before a response was received", source: chrome-extension://mpbelhhnfhfjnaehkcnnaknldmnocglk/tidy_devtools.html (0)
12월 30, 2022 15:32:43.14 [1224:13004:1230/153243.146:ERROR:CONSOLE(0)] "Uncaught (in promise) Error: A listener indicated an asynchronous response by returning true, but the message channel closed before a response was received", source: chrome-extension://mpbelhhnfhfjnaehkcnnaknldmnocglk/tidy_devtools.html (0)
12월 30, 2022 15:32:43.14 [1224:13004:1230/153243.146:ERROR:CONSOLE(0)] "Uncaught (in promise) Error: A listener indicated an asynchronous response by returning true, but the message channel closed before a response was received", source: chrome-extension://mpbelhhnfhfjnaehkcnnaknldmnocglk/tidy_devtools.html (0)
12월 30, 2022 15:32:43.14 [1224:13004:1230/153243.146:ERROR:CONSOLE(0)] "Uncaught (in promise) Error: A listener indicated an asynchronous response by returning true, but the message channel closed before a response was received", source: chrome-extension://mpbelhhnfhfjnaehkcnnaknldmnocglk/tidy_devtools.html (0)
12월 30, 2022 15:32:43.14 [1224:13004:1230/153243.146:ERROR:CONSOLE(0)] "Uncaught (in promise) Error: A listener indicated an asynchronous response by returning true, but the message channel closed before a response was received", source: chrome-extension://mpbelhhnfhfjnaehkcnnaknldmnocglk/tidy_devtools.html (0)
12월 30, 2022 15:32:43.14 [1224:13004:1230/153243.147:ERROR:CONSOLE(0)] "Uncaught (in promise) Error: A listener indicated an asynchronous response by returning true, but the message channel closed before a response was received", source: chrome-extension://mpbelhhnfhfjnaehkcnnaknldmnocglk/tidy_devtools.html (0)
12월 30, 2022 15:32:43.14 [1224:13004:1230/153243.147:ERROR:CONSOLE(0)] "Uncaught (in promise) Error: A listener indicated an asynchronous response by returning true, but the message channel closed before a response was received", source: chrome-extension://mpbelhhnfhfjnaehkcnnaknldmnocglk/tidy_devtools.html (0)
12월 30, 2022 15:32:43.14 [1224:13004:1230/153243.147:ERROR:CONSOLE(0)] "Uncaught (in promise) Error: A listener indicated an asynchronous response by returning true, but the message channel closed before a response was received", source: chrome-extension://mpbelhhnfhfjnaehkcnnaknldmnocglk/tidy_devtools.html (0)
12월 30, 2022 15:36:34.71 [1224:13004:1230/153634.718:ERROR:CONSOLE(1)] "Request Network.loadNetworkResource failed. {"code":-32602,"message":"Frame not under control of agent host"}", source: devtools://devtools/bundled/devtools-frontend/front_end/core/protocol_client/protocol_client.js (1)
12월 30, 2022 15:36:34.72 [1224:13004:1230/153634.721:ERROR:CONSOLE(1)] "Request Network.loadNetworkResource failed. {"code":-32602,"message":"Frame not under control of agent host"}", source: devtools://devtools/bundled/devtools-frontend/front_end/core/protocol_client/protocol_client.js (1)
12월 30, 2022 15:36:34.72 [1224:13004:1230/153634.723:ERROR:CONSOLE(1)] "Request Network.loadNetworkResource failed. {"code":-32602,"message":"Frame not under control of agent host"}", source: devtools://devtools/bundled/devtools-frontend/front_end/core/protocol_client/protocol_client.js (1)
12월 30, 2022 15:36:34.72 [1224:13004:1230/153634.723:ERROR:CONSOLE(1)] "Request Network.loadNetworkResource failed. {"code":-32602,"message":"Frame not under control of agent host"}", source: devtools://devtools/bundled/devtools-frontend/front_end/core/protocol_client/protocol_client.js (1)
12월 30, 2022 15:36:34.72 [1224:13004:1230/153634.727:ERROR:CONSOLE(1)] "Request Network.loadNetworkResource failed. {"code":-32602,"message":"Frame not under control of agent host"}", source: devtools://devtools/bundled/devtools-frontend/front_end/core/protocol_client/protocol_client.js (1)
12월 30, 2022 15:46:29.50 [1224:13004:1230/154629.505:ERROR:CONSOLE(0)] "Uncaught (in promise) Error: A listener indicated an asynchronous response by returning true, but the message channel closed before a response was received", source: chrome-extension://mpbelhhnfhfjnaehkcnnaknldmnocglk/tidy_devtools.html (0)
12월 30, 2022 15:46:29.50 [1224:13004:1230/154629.505:ERROR:CONSOLE(0)] "Uncaught (in promise) Error: A listener indicated an asynchronous response by returning true, but the message channel closed before a response was received", source: chrome-extension://mpbelhhnfhfjnaehkcnnaknldmnocglk/tidy_devtools.html (0)
12월 30, 2022 15:46:29.50 [1224:13004:1230/154629.505:ERROR:CONSOLE(0)] "Uncaught (in promise) Error: A listener indicated an asynchronous response by returning true, but the message channel closed before a response was received", source: chrome-extension://mpbelhhnfhfjnaehkcnnaknldmnocglk/tidy_devtools.html (0)
12월 30, 2022 15:46:29.50 [1224:13004:1230/154629.505:ERROR:CONSOLE(0)] "Uncaught (in promise) Error: A listener indicated an asynchronous response by returning true, but the message channel closed before a response was received", source: chrome-extension://mpbelhhnfhfjnaehkcnnaknldmnocglk/tidy_devtools.html (0)
12월 30, 2022 15:46:29.50 [1224:13004:1230/154629.505:ERROR:CONSOLE(0)] "Uncaught (in promise) Error: A listener indicated an asynchronous response by returning true, but the message channel closed before a response was received", source: chrome-extension://mpbelhhnfhfjnaehkcnnaknldmnocglk/tidy_devtools.html (0)
12월 30, 2022 15:53:50.12 [1224:13004:1230/155350.125:ERROR:CONSOLE(0)] "Uncaught (in promise) Error: A listener indicated an asynchronous response by returning true, but the message channel closed before a response was received", source: chrome-extension://mpbelhhnfhfjnaehkcnnaknldmnocglk/tidy_devtools.html (0)
12월 30, 2022 15:53:50.12 [1224:13004:1230/155350.125:ERROR:CONSOLE(0)] "Uncaught (in promise) Error: A listener indicated an asynchronous response by returning true, but the message channel closed before a response was received", source: chrome-extension://mpbelhhnfhfjnaehkcnnaknldmnocglk/tidy_devtools.html (0)
12월 30, 2022 15:53:50.12 [1224:13004:1230/155350.125:ERROR:CONSOLE(0)] "Uncaught (in promise) Error: A listener indicated an asynchronous response by returning true, but the message channel closed before a response was received", source: chrome-extension://mpbelhhnfhfjnaehkcnnaknldmnocglk/tidy_devtools.html (0)
12월 30, 2022 15:53:50.12 [1224:13004:1230/155350.125:ERROR:CONSOLE(0)] "Uncaught (in promise) Error: A listener indicated an asynchronous response by returning true, but the message channel closed before a response was received", source: chrome-extension://mpbelhhnfhfjnaehkcnnaknldmnocglk/tidy_devtools.html (0)
12월 30, 2022 15:53:50.12 [1224:13004:1230/155350.125:ERROR:CONSOLE(0)] "Uncaught (in promise) Error: A listener indicated an asynchronous response by returning true, but the message channel closed before a response was received", source: chrome-extension://mpbelhhnfhfjnaehkcnnaknldmnocglk/tidy_devtools.html (0)
12월 30, 2022 15:53:50.12 [1224:13004:1230/155350.125:ERROR:CONSOLE(0)] "Uncaught (in promise) Error: A listener indicated an asynchronous response by returning true, but the message channel closed before a response was received", source: chrome-extension://mpbelhhnfhfjnaehkcnnaknldmnocglk/tidy_devtools.html (0)
12월 30, 2022 16:02:15.66 [12140:17332:1230/160215.667:ERROR:device_event_log_impl.cc(215)] [16:02:15.667] Bluetooth: bluetooth_adapter_winrt.cc:1074 Getting Default Adapter failed.
12월 30, 2022 16:03:13.37 [12140:14844:1230/160313.377:ERROR:util.cc(133)] Can't create base directory: C:\Program Files\Google\GoogleUpdater
12월 30, 2022 16:09:14.16 [12140:17332:1230/160914.168:ERROR:interface_endpoint_client.cc(694)] Message 1 rejected by interface blink.mojom.WidgetHost
12월 30, 2022 16:12:17.83 [12140:17332:1230/161217.830:ERROR:CONSOLE(0)] "Uncaught (in promise) Error: A listener indicated an asynchronous response by returning true, but the message channel closed before a response was received", source: chrome-extension://mpbelhhnfhfjnaehkcnnaknldmnocglk/tidy_devtools.html (0)
12월 30, 2022 16:12:17.83 [12140:17332:1230/161217.831:ERROR:CONSOLE(0)] "Uncaught (in promise) Error: A listener indicated an asynchronous response by returning true, but the message channel closed before a response was received", source: chrome-extension://mpbelhhnfhfjnaehkcnnaknldmnocglk/tidy_devtools.html (0)
12월 30, 2022 16:16:47.37 [12140:17332:1230/161647.378:ERROR:CONSOLE(0)] "Uncaught (in promise) Error: A listener indicated an asynchronous response by returning true, but the message channel closed before a response was received", source: chrome-extension://mpbelhhnfhfjnaehkcnnaknldmnocglk/tidy_devtools.html (0)
12월 30, 2022 16:16:47.37 [12140:17332:1230/161647.378:ERROR:CONSOLE(0)] "Uncaught (in promise) Error: A listener indicated an asynchronous response by returning true, but the message channel closed before a response was received", source: chrome-extension://mpbelhhnfhfjnaehkcnnaknldmnocglk/tidy_devtools.html (0)
12월 30, 2022 16:16:47.37 [12140:17332:1230/161647.378:ERROR:CONSOLE(0)] "Uncaught (in promise) Error: A listener indicated an asynchronous response by returning true, but the message channel closed before a response was received", source: chrome-extension://mpbelhhnfhfjnaehkcnnaknldmnocglk/tidy_devtools.html (0)
12월 30, 2022 16:16:47.37 [12140:17332:1230/161647.378:ERROR:CONSOLE(0)] "Uncaught (in promise) Error: A listener indicated an asynchronous response by returning true, but the message channel closed before a response was received", source: chrome-extension://mpbelhhnfhfjnaehkcnnaknldmnocglk/tidy_devtools.html (0)
12월 30, 2022 16:16:47.37 [12140:17332:1230/161647.378:ERROR:CONSOLE(0)] "Uncaught (in promise) Error: A listener indicated an asynchronous response by returning true, but the message channel closed before a response was received", source: chrome-extension://mpbelhhnfhfjnaehkcnnaknldmnocglk/tidy_devtools.html (0)
12월 30, 2022 16:16:47.37 [12140:17332:1230/161647.378:ERROR:CONSOLE(0)] "Uncaught (in promise) Error: A listener indicated an asynchronous response by returning true, but the message channel closed before a response was received", source: chrome-extension://mpbelhhnfhfjnaehkcnnaknldmnocglk/tidy_devtools.html (0)
12월 30, 2022 16:16:47.37 [12140:17332:1230/161647.378:ERROR:CONSOLE(0)] "Uncaught (in promise) Error: A listener indicated an asynchronous response by returning true, but the message channel closed before a response was received", source: chrome-extension://mpbelhhnfhfjnaehkcnnaknldmnocglk/tidy_devtools.html (0)
12월 30, 2022 16:16:47.37 [12140:17332:1230/161647.378:ERROR:CONSOLE(0)] "Uncaught (in promise) Error: A listener indicated an asynchronous response by returning true, but the message channel closed before a response was received", source: chrome-extension://mpbelhhnfhfjnaehkcnnaknldmnocglk/tidy_devtools.html (0)
12월 30, 2022 16:16:47.37 [12140:17332:1230/161647.378:ERROR:CONSOLE(0)] "Uncaught (in promise) Error: A listener indicated an asynchronous response by returning true, but the message channel closed before a response was received", source: chrome-extension://mpbelhhnfhfjnaehkcnnaknldmnocglk/tidy_devtools.html (0)
12월 30, 2022 16:25:15.08 [12140:17332:1230/162515.086:ERROR:CONSOLE(0)] "Uncaught (in promise) Error: A listener indicated an asynchronous response by returning true, but the message channel closed before a response was received", source: chrome-extension://mpbelhhnfhfjnaehkcnnaknldmnocglk/tidy_devtools.html (0)
12월 30, 2022 16:25:15.08 [12140:17332:1230/162515.086:ERROR:CONSOLE(0)] "Uncaught (in promise) Error: A listener indicated an asynchronous response by returning true, but the message channel closed before a response was received", source: chrome-extension://mpbelhhnfhfjnaehkcnnaknldmnocglk/tidy_devtools.html (0)
12월 30, 2022 16:25:15.08 [12140:17332:1230/162515.086:ERROR:CONSOLE(0)] "Uncaught (in promise) Error: A listener indicated an asynchronous response by returning true, but the message channel closed before a response was received", source: chrome-extension://mpbelhhnfhfjnaehkcnnaknldmnocglk/tidy_devtools.html (0)
12월 30, 2022 16:25:15.08 [12140:17332:1230/162515.086:ERROR:CONSOLE(0)] "Uncaught (in promise) Error: A listener indicated an asynchronous response by returning true, but the message channel closed before a response was received", source: chrome-extension://mpbelhhnfhfjnaehkcnnaknldmnocglk/tidy_devtools.html (0)
12월 30, 2022 16:25:15.08 [12140:17332:1230/162515.086:ERROR:CONSOLE(0)] "Uncaught (in promise) Error: A listener indicated an asynchronous response by returning true, but the message channel closed before a response was received", source: chrome-extension://mpbelhhnfhfjnaehkcnnaknldmnocglk/tidy_devtools.html (0)
12월 30, 2022 16:25:15.08 [12140:17332:1230/162515.087:ERROR:CONSOLE(0)] "Uncaught (in promise) Error: A listener indicated an asynchronous response by returning true, but the message channel closed before a response was received", source: chrome-extension://mpbelhhnfhfjnaehkcnnaknldmnocglk/tidy_devtools.html (0)
12월 30, 2022 16:25:15.08 [12140:17332:1230/162515.087:ERROR:CONSOLE(0)] "Uncaught (in promise) Error: A listener indicated an asynchronous response by returning true, but the message channel closed before a response was received", source: chrome-extension://mpbelhhnfhfjnaehkcnnaknldmnocglk/tidy_devtools.html (0)
12월 30, 2022 16:25:15.08 [12140:17332:1230/162515.087:ERROR:CONSOLE(0)] "Uncaught (in promise) Error: A listener indicated an asynchronous response by returning true, but the message channel closed before a response was received", source: chrome-extension://mpbelhhnfhfjnaehkcnnaknldmnocglk/tidy_devtools.html (0)
12월 30, 2022 16:25:15.08 [12140:17332:1230/162515.087:ERROR:CONSOLE(0)] "Uncaught (in promise) Error: A listener indicated an asynchronous response by returning true, but the message channel closed before a response was received", source: chrome-extension://mpbelhhnfhfjnaehkcnnaknldmnocglk/tidy_devtools.html (0)
12월 30, 2022 16:25:15.09 [12140:17332:1230/162515.087:ERROR:CONSOLE(0)] "Uncaught (in promise) Error: A listener indicated an asynchronous response by returning true, but the message channel closed before a response was received", source: chrome-extension://mpbelhhnfhfjnaehkcnnaknldmnocglk/tidy_devtools.html (0)
12월 30, 2022 16:25:15.09 [12140:17332:1230/162515.087:ERROR:CONSOLE(0)] "Uncaught (in promise) Error: A listener indicated an asynchronous response by returning true, but the message channel closed before a response was received", source: chrome-extension://mpbelhhnfhfjnaehkcnnaknldmnocglk/tidy_devtools.html (0)

1월 05, 2023 11:23:37.04 NEW SESSION
1월 05, 2023 11:23:37.04 [9972:4672:0105/112337.046:ERROR:device_event_log_impl.cc(215)] [11:23:37.046] Bluetooth: bluetooth_adapter_winrt.cc:1074 Getting Default Adapter failed.
1월 05, 2023 11:24:34.12 [9972:17072:0105/112434.125:ERROR:util.cc(133)] Can't create base directory: C:\Program Files\Google\GoogleUpdater
1월 05, 2023 11:28:49.39 [9228:2296:0105/112849.398:ERROR:device_event_log_impl.cc(215)] [11:28:49.397] Bluetooth: bluetooth_adapter_winrt.cc:1074 Getting Default Adapter failed.
1월 05, 2023 11:29:47.34 [9228:7664:0105/112947.345:ERROR:util.cc(133)] Can't create base directory: C:\Program Files\Google\GoogleUpdater
1월 05, 2023 11:45:18.87 [9228:2296:0105/114518.877:ERROR:interface_endpoint_client.cc(694)] Message 0 rejected by interface blink.mojom.WidgetHost

1월 12, 2023 10:01:30.31 NEW SESSION
1월 12, 2023 10:01:30.31 [14636:9372:0112/100130.310:ERROR:device_event_log_impl.cc(215)] [10:01:30.310] Bluetooth: bluetooth_adapter_winrt.cc:1074 Getting Default Adapter failed.
1월 12, 2023 10:02:28.08 [14636:11160:0112/100228.088:ERROR:util.cc(133)] Can't create base directory: C:\Program Files\Google\GoogleUpdater
1월 12, 2023 10:33:22.29 [14636:9372:0112/103322.291:ERROR:interface_endpoint_client.cc(694)] Message 0 rejected by interface blink.mojom.WidgetHost
1월 12, 2023 10:34:22.97 [14636:9372:0112/103422.974:ERROR:interface_endpoint_client.cc(694)] Message 1 rejected by interface blink.mojom.WidgetHost

1월 18, 2023 14:04:18.50 NEW SESSION
1월 18, 2023 14:04:18.50 [10092:4428:0118/140418.502:ERROR:device_event_log_impl.cc(215)] [14:04:18.503] Bluetooth: bluetooth_adapter_winrt.cc:1074 Getting Default Adapter failed.
1월 18, 2023 14:05:16.46 [10092:11692:0118/140516.467:ERROR:util.cc(134)] Can't create base directory: C:\Program Files\Google\GoogleUpdater
1월 18, 2023 14:10:22.29 [10092:4428:0118/141022.294:ERROR:interface_endpoint_client.cc(695)] Message 1 rejected by interface blink.mojom.WidgetHost
1월 18, 2023 14:13:09.04 [10092:4428:0118/141309.046:ERROR:interface_endpoint_client.cc(695)] Message 1 rejected by interface blink.mojom.WidgetHost
